2025-11-13 14:39:28 - [SIMULATION] - [ERROR] - src.execution.order_manager - submit_order:140
Order submission failed after 3 attempts: No price data available for AAPL

2025-11-13 14:39:28 - [SIMULATION] - [ERROR] - TradingSystem - _process_signals:599
Error processing signal for AAPL: Order submission failed after 3 attempts: No price data available for AAPL
Traceback (most recent call last):
  File "C:\Home\Code\Quant\src\trading_system.py", line 591, in _process_signals
    success = self.order_manager.submit_order(order)
              ^^^^^^^^^^^^^^^^^^^^^^^^^^^^^^^^^^^^^^
  File "C:\Home\Code\Quant\src\execution\order_manager.py", line 141, in submit_order
    raise OrderError(error_msg)
src.execution.order_manager.OrderError: Order submission failed after 3 attempts: No price data available for AAPL
2025-11-13 14:39:31 - [SIMULATION] - [ERROR] - src.execution.order_manager - submit_order:140
Order submission failed after 3 attempts: No price data available for AAPL

2025-11-13 14:39:31 - [SIMULATION] - [ERROR] - TradingSystem - _process_signals:599
Error processing signal for AAPL: Order submission failed after 3 attempts: No price data available for AAPL
Traceback (most recent call last):
  File "C:\Home\Code\Quant\src\trading_system.py", line 591, in _process_signals
    success = self.order_manager.submit_order(order)
              ^^^^^^^^^^^^^^^^^^^^^^^^^^^^^^^^^^^^^^
  File "C:\Home\Code\Quant\src\execution\order_manager.py", line 141, in submit_order
    raise OrderError(error_msg)
src.execution.order_manager.OrderError: Order submission failed after 3 attempts: No price data available for AAPL
2025-11-13 14:39:34 - [SIMULATION] - [ERROR] - src.execution.order_manager - submit_order:140
Order submission failed after 3 attempts: No price data available for AAPL

2025-11-13 14:39:34 - [SIMULATION] - [ERROR] - TradingSystem - _process_signals:599
Error processing signal for AAPL: Order submission failed after 3 attempts: No price data available for AAPL
Traceback (most recent call last):
  File "C:\Home\Code\Quant\src\trading_system.py", line 591, in _process_signals
    success = self.order_manager.submit_order(order)
              ^^^^^^^^^^^^^^^^^^^^^^^^^^^^^^^^^^^^^^
  File "C:\Home\Code\Quant\src\execution\order_manager.py", line 141, in submit_order
    raise OrderError(error_msg)
src.execution.order_manager.OrderError: Order submission failed after 3 attempts: No price data available for AAPL
2025-11-13 14:39:35 - [SIMULATION] - [ERROR] - TradingSystem - _fetch_market_data:546
Failed to fetch data for AAPL: API Error

2025-11-13 14:40:40 - [SIMULATION] - [ERROR] - src.execution.order_manager - submit_order:140
Order submission failed after 3 attempts: No price data available for AAPL

2025-11-13 14:40:40 - [SIMULATION] - [ERROR] - TradingSystem - _process_signals:599
Error processing signal for AAPL: Order submission failed after 3 attempts: No price data available for AAPL
Traceback (most recent call last):
  File "C:\Home\Code\Quant\src\trading_system.py", line 591, in _process_signals
    success = self.order_manager.submit_order(order)
              ^^^^^^^^^^^^^^^^^^^^^^^^^^^^^^^^^^^^^^
  File "C:\Home\Code\Quant\src\execution\order_manager.py", line 141, in submit_order
    raise OrderError(error_msg)
src.execution.order_manager.OrderError: Order submission failed after 3 attempts: No price data available for AAPL
2025-11-13 14:40:43 - [SIMULATION] - [ERROR] - src.execution.order_manager - submit_order:140
Order submission failed after 3 attempts: No price data available for AAPL

2025-11-13 14:40:43 - [SIMULATION] - [ERROR] - TradingSystem - _process_signals:599
Error processing signal for AAPL: Order submission failed after 3 attempts: No price data available for AAPL
Traceback (most recent call last):
  File "C:\Home\Code\Quant\src\trading_system.py", line 591, in _process_signals
    success = self.order_manager.submit_order(order)
              ^^^^^^^^^^^^^^^^^^^^^^^^^^^^^^^^^^^^^^
  File "C:\Home\Code\Quant\src\execution\order_manager.py", line 141, in submit_order
    raise OrderError(error_msg)
src.execution.order_manager.OrderError: Order submission failed after 3 attempts: No price data available for AAPL
2025-11-13 14:40:46 - [SIMULATION] - [ERROR] - src.execution.order_manager - submit_order:140
Order submission failed after 3 attempts: No price data available for AAPL

2025-11-13 14:40:46 - [SIMULATION] - [ERROR] - TradingSystem - _process_signals:599
Error processing signal for AAPL: Order submission failed after 3 attempts: No price data available for AAPL
Traceback (most recent call last):
  File "C:\Home\Code\Quant\src\trading_system.py", line 591, in _process_signals
    success = self.order_manager.submit_order(order)
              ^^^^^^^^^^^^^^^^^^^^^^^^^^^^^^^^^^^^^^
  File "C:\Home\Code\Quant\src\execution\order_manager.py", line 141, in submit_order
    raise OrderError(error_msg)
src.execution.order_manager.OrderError: Order submission failed after 3 attempts: No price data available for AAPL
2025-11-13 14:40:46 - [SIMULATION] - [ERROR] - TradingSystem - _fetch_market_data:546
Failed to fetch data for AAPL: API Error

2025-11-13 14:41:29 - [SIMULATION] - [ERROR] - src.execution.order_manager - submit_order:140
Order submission failed after 3 attempts: No price data available for AAPL

2025-11-13 14:41:29 - [SIMULATION] - [ERROR] - TradingSystem - _process_signals:599
Error processing signal for AAPL: Order submission failed after 3 attempts: No price data available for AAPL
Traceback (most recent call last):
  File "C:\Home\Code\Quant\src\trading_system.py", line 591, in _process_signals
    success = self.order_manager.submit_order(order)
              ^^^^^^^^^^^^^^^^^^^^^^^^^^^^^^^^^^^^^^
  File "C:\Home\Code\Quant\src\execution\order_manager.py", line 141, in submit_order
    raise OrderError(error_msg)
src.execution.order_manager.OrderError: Order submission failed after 3 attempts: No price data available for AAPL
2025-11-13 14:41:32 - [SIMULATION] - [ERROR] - src.execution.order_manager - submit_order:140
Order submission failed after 3 attempts: No price data available for AAPL

2025-11-13 14:41:32 - [SIMULATION] - [ERROR] - TradingSystem - _process_signals:599
Error processing signal for AAPL: Order submission failed after 3 attempts: No price data available for AAPL
Traceback (most recent call last):
  File "C:\Home\Code\Quant\src\trading_system.py", line 591, in _process_signals
    success = self.order_manager.submit_order(order)
              ^^^^^^^^^^^^^^^^^^^^^^^^^^^^^^^^^^^^^^
  File "C:\Home\Code\Quant\src\execution\order_manager.py", line 141, in submit_order
    raise OrderError(error_msg)
src.execution.order_manager.OrderError: Order submission failed after 3 attempts: No price data available for AAPL
2025-11-13 14:41:35 - [SIMULATION] - [ERROR] - src.execution.order_manager - submit_order:140
Order submission failed after 3 attempts: No price data available for AAPL

2025-11-13 14:41:35 - [SIMULATION] - [ERROR] - TradingSystem - _process_signals:599
Error processing signal for AAPL: Order submission failed after 3 attempts: No price data available for AAPL
Traceback (most recent call last):
  File "C:\Home\Code\Quant\src\trading_system.py", line 591, in _process_signals
    success = self.order_manager.submit_order(order)
              ^^^^^^^^^^^^^^^^^^^^^^^^^^^^^^^^^^^^^^
  File "C:\Home\Code\Quant\src\execution\order_manager.py", line 141, in submit_order
    raise OrderError(error_msg)
src.execution.order_manager.OrderError: Order submission failed after 3 attempts: No price data available for AAPL
2025-11-13 14:41:35 - [SIMULATION] - [ERROR] - TradingSystem - _fetch_market_data:546
Failed to fetch data for AAPL: API Error

2025-11-13 14:43:12 - [SIMULATION] - [ERROR] - src.execution.order_manager - submit_order:140
Order submission failed after 3 attempts: No price data available for AAPL

2025-11-13 14:43:12 - [SIMULATION] - [ERROR] - TradingSystem - _process_signals:599
Error processing signal for AAPL: Order submission failed after 3 attempts: No price data available for AAPL
Traceback (most recent call last):
  File "C:\Home\Code\Quant\src\trading_system.py", line 591, in _process_signals
    success = self.order_manager.submit_order(order)
              ^^^^^^^^^^^^^^^^^^^^^^^^^^^^^^^^^^^^^^
  File "C:\Home\Code\Quant\src\execution\order_manager.py", line 141, in submit_order
    raise OrderError(error_msg)
src.execution.order_manager.OrderError: Order submission failed after 3 attempts: No price data available for AAPL
2025-11-13 14:43:15 - [SIMULATION] - [ERROR] - src.execution.order_manager - submit_order:140
Order submission failed after 3 attempts: No price data available for AAPL

2025-11-13 14:43:15 - [SIMULATION] - [ERROR] - TradingSystem - _process_signals:599
Error processing signal for AAPL: Order submission failed after 3 attempts: No price data available for AAPL
Traceback (most recent call last):
  File "C:\Home\Code\Quant\src\trading_system.py", line 591, in _process_signals
    success = self.order_manager.submit_order(order)
              ^^^^^^^^^^^^^^^^^^^^^^^^^^^^^^^^^^^^^^
  File "C:\Home\Code\Quant\src\execution\order_manager.py", line 141, in submit_order
    raise OrderError(error_msg)
src.execution.order_manager.OrderError: Order submission failed after 3 attempts: No price data available for AAPL
2025-11-13 14:43:18 - [SIMULATION] - [ERROR] - src.execution.order_manager - submit_order:140
Order submission failed after 3 attempts: No price data available for AAPL

2025-11-13 14:43:18 - [SIMULATION] - [ERROR] - TradingSystem - _process_signals:599
Error processing signal for AAPL: Order submission failed after 3 attempts: No price data available for AAPL
Traceback (most recent call last):
  File "C:\Home\Code\Quant\src\trading_system.py", line 591, in _process_signals
    success = self.order_manager.submit_order(order)
              ^^^^^^^^^^^^^^^^^^^^^^^^^^^^^^^^^^^^^^
  File "C:\Home\Code\Quant\src\execution\order_manager.py", line 141, in submit_order
    raise OrderError(error_msg)
src.execution.order_manager.OrderError: Order submission failed after 3 attempts: No price data available for AAPL
2025-11-13 14:43:19 - [SIMULATION] - [ERROR] - TradingSystem - _fetch_market_data:546
Failed to fetch data for AAPL: API Error

2025-11-13 14:45:17 - [SIMULATION] - [ERROR] - src.execution.order_manager - submit_order:140
Order submission failed after 3 attempts: No price data available for AAPL

2025-11-13 14:45:17 - [SIMULATION] - [ERROR] - TradingSystem - _process_signals:599
Error processing signal for AAPL: Order submission failed after 3 attempts: No price data available for AAPL
Traceback (most recent call last):
  File "C:\Home\Code\Quant\src\trading_system.py", line 591, in _process_signals
    success = self.order_manager.submit_order(order)
              ^^^^^^^^^^^^^^^^^^^^^^^^^^^^^^^^^^^^^^
  File "C:\Home\Code\Quant\src\execution\order_manager.py", line 141, in submit_order
    raise OrderError(error_msg)
src.execution.order_manager.OrderError: Order submission failed after 3 attempts: No price data available for AAPL
2025-11-13 14:45:20 - [SIMULATION] - [ERROR] - src.execution.order_manager - submit_order:140
Order submission failed after 3 attempts: No price data available for AAPL

2025-11-13 14:45:20 - [SIMULATION] - [ERROR] - TradingSystem - _process_signals:599
Error processing signal for AAPL: Order submission failed after 3 attempts: No price data available for AAPL
Traceback (most recent call last):
  File "C:\Home\Code\Quant\src\trading_system.py", line 591, in _process_signals
    success = self.order_manager.submit_order(order)
              ^^^^^^^^^^^^^^^^^^^^^^^^^^^^^^^^^^^^^^
  File "C:\Home\Code\Quant\src\execution\order_manager.py", line 141, in submit_order
    raise OrderError(error_msg)
src.execution.order_manager.OrderError: Order submission failed after 3 attempts: No price data available for AAPL
2025-11-13 14:45:23 - [SIMULATION] - [ERROR] - src.execution.order_manager - submit_order:140
Order submission failed after 3 attempts: No price data available for AAPL

2025-11-13 14:45:23 - [SIMULATION] - [ERROR] - TradingSystem - _process_signals:599
Error processing signal for AAPL: Order submission failed after 3 attempts: No price data available for AAPL
Traceback (most recent call last):
  File "C:\Home\Code\Quant\src\trading_system.py", line 591, in _process_signals
    success = self.order_manager.submit_order(order)
              ^^^^^^^^^^^^^^^^^^^^^^^^^^^^^^^^^^^^^^
  File "C:\Home\Code\Quant\src\execution\order_manager.py", line 141, in submit_order
    raise OrderError(error_msg)
src.execution.order_manager.OrderError: Order submission failed after 3 attempts: No price data available for AAPL
2025-11-13 14:45:26 - [SIMULATION] - [ERROR] - src.execution.order_manager - submit_order:140
Order submission failed after 3 attempts: No price data available for AAPL

2025-11-13 14:45:26 - [SIMULATION] - [ERROR] - TradingSystem - _process_signals:599
Error processing signal for AAPL: Order submission failed after 3 attempts: No price data available for AAPL
Traceback (most recent call last):
  File "C:\Home\Code\Quant\src\trading_system.py", line 591, in _process_signals
    success = self.order_manager.submit_order(order)
              ^^^^^^^^^^^^^^^^^^^^^^^^^^^^^^^^^^^^^^
  File "C:\Home\Code\Quant\src\execution\order_manager.py", line 141, in submit_order
    raise OrderError(error_msg)
src.execution.order_manager.OrderError: Order submission failed after 3 attempts: No price data available for AAPL
2025-11-13 14:45:29 - [SIMULATION] - [ERROR] - src.execution.order_manager - submit_order:140
Order submission failed after 3 attempts: No price data available for AAPL

2025-11-13 14:45:29 - [SIMULATION] - [ERROR] - TradingSystem - _process_signals:599
Error processing signal for AAPL: Order submission failed after 3 attempts: No price data available for AAPL
Traceback (most recent call last):
  File "C:\Home\Code\Quant\src\trading_system.py", line 591, in _process_signals
    success = self.order_manager.submit_order(order)
              ^^^^^^^^^^^^^^^^^^^^^^^^^^^^^^^^^^^^^^
  File "C:\Home\Code\Quant\src\execution\order_manager.py", line 141, in submit_order
    raise OrderError(error_msg)
src.execution.order_manager.OrderError: Order submission failed after 3 attempts: No price data available for AAPL
2025-11-13 14:45:32 - [SIMULATION] - [ERROR] - src.execution.order_manager - submit_order:140
Order submission failed after 3 attempts: No price data available for GOOGL

2025-11-13 14:45:32 - [SIMULATION] - [ERROR] - TradingSystem - _process_signals:599
Error processing signal for GOOGL: Order submission failed after 3 attempts: No price data available for GOOGL
Traceback (most recent call last):
  File "C:\Home\Code\Quant\src\trading_system.py", line 591, in _process_signals
    success = self.order_manager.submit_order(order)
              ^^^^^^^^^^^^^^^^^^^^^^^^^^^^^^^^^^^^^^
  File "C:\Home\Code\Quant\src\execution\order_manager.py", line 141, in submit_order
    raise OrderError(error_msg)
src.execution.order_manager.OrderError: Order submission failed after 3 attempts: No price data available for GOOGL
2025-11-13 14:45:35 - [SIMULATION] - [ERROR] - src.execution.order_manager - submit_order:140
Order submission failed after 3 attempts: No price data available for MSFT

2025-11-13 14:45:35 - [SIMULATION] - [ERROR] - TradingSystem - _process_signals:599
Error processing signal for MSFT: Order submission failed after 3 attempts: No price data available for MSFT
Traceback (most recent call last):
  File "C:\Home\Code\Quant\src\trading_system.py", line 591, in _process_signals
    success = self.order_manager.submit_order(order)
              ^^^^^^^^^^^^^^^^^^^^^^^^^^^^^^^^^^^^^^
  File "C:\Home\Code\Quant\src\execution\order_manager.py", line 141, in submit_order
    raise OrderError(error_msg)
src.execution.order_manager.OrderError: Order submission failed after 3 attempts: No price data available for MSFT
2025-11-13 14:45:57 - [SIMULATION] - [ERROR] - src.execution.order_manager - submit_order:140
Order submission failed after 3 attempts: No price data available for AAPL

2025-11-13 14:45:57 - [SIMULATION] - [ERROR] - TradingSystem - _process_signals:599
Error processing signal for AAPL: Order submission failed after 3 attempts: No price data available for AAPL
Traceback (most recent call last):
  File "C:\Home\Code\Quant\src\trading_system.py", line 591, in _process_signals
    success = self.order_manager.submit_order(order)
              ^^^^^^^^^^^^^^^^^^^^^^^^^^^^^^^^^^^^^^
  File "C:\Home\Code\Quant\src\execution\order_manager.py", line 141, in submit_order
    raise OrderError(error_msg)
src.execution.order_manager.OrderError: Order submission failed after 3 attempts: No price data available for AAPL
2025-11-13 14:46:00 - [SIMULATION] - [ERROR] - src.execution.order_manager - submit_order:140
Order submission failed after 3 attempts: No price data available for AAPL

2025-11-13 14:46:00 - [SIMULATION] - [ERROR] - TradingSystem - _process_signals:599
Error processing signal for AAPL: Order submission failed after 3 attempts: No price data available for AAPL
Traceback (most recent call last):
  File "C:\Home\Code\Quant\src\trading_system.py", line 591, in _process_signals
    success = self.order_manager.submit_order(order)
              ^^^^^^^^^^^^^^^^^^^^^^^^^^^^^^^^^^^^^^
  File "C:\Home\Code\Quant\src\execution\order_manager.py", line 141, in submit_order
    raise OrderError(error_msg)
src.execution.order_manager.OrderError: Order submission failed after 3 attempts: No price data available for AAPL
2025-11-13 14:46:03 - [SIMULATION] - [ERROR] - src.execution.order_manager - submit_order:140
Order submission failed after 3 attempts: No price data available for AAPL

2025-11-13 14:46:03 - [SIMULATION] - [ERROR] - TradingSystem - _process_signals:599
Error processing signal for AAPL: Order submission failed after 3 attempts: No price data available for AAPL
Traceback (most recent call last):
  File "C:\Home\Code\Quant\src\trading_system.py", line 591, in _process_signals
    success = self.order_manager.submit_order(order)
              ^^^^^^^^^^^^^^^^^^^^^^^^^^^^^^^^^^^^^^
  File "C:\Home\Code\Quant\src\execution\order_manager.py", line 141, in submit_order
    raise OrderError(error_msg)
src.execution.order_manager.OrderError: Order submission failed after 3 attempts: No price data available for AAPL
2025-11-13 14:46:03 - [SIMULATION] - [ERROR] - TradingSystem - _fetch_market_data:546
Failed to fetch data for AAPL: API Error

2025-11-13 14:46:09 - [SIMULATION] - [ERROR] - src.execution.order_manager - submit_order:140
Order submission failed after 3 attempts: No price data available for AAPL

2025-11-13 14:46:09 - [SIMULATION] - [ERROR] - TradingSystem - _process_signals:599
Error processing signal for AAPL: Order submission failed after 3 attempts: No price data available for AAPL
Traceback (most recent call last):
  File "C:\Home\Code\Quant\src\trading_system.py", line 591, in _process_signals
    success = self.order_manager.submit_order(order)
              ^^^^^^^^^^^^^^^^^^^^^^^^^^^^^^^^^^^^^^
  File "C:\Home\Code\Quant\src\execution\order_manager.py", line 141, in submit_order
    raise OrderError(error_msg)
src.execution.order_manager.OrderError: Order submission failed after 3 attempts: No price data available for AAPL
2025-11-13 14:46:12 - [SIMULATION] - [ERROR] - src.execution.order_manager - submit_order:140
Order submission failed after 3 attempts: No price data available for AAPL

2025-11-13 14:46:12 - [SIMULATION] - [ERROR] - TradingSystem - _process_signals:599
Error processing signal for AAPL: Order submission failed after 3 attempts: No price data available for AAPL
Traceback (most recent call last):
  File "C:\Home\Code\Quant\src\trading_system.py", line 591, in _process_signals
    success = self.order_manager.submit_order(order)
              ^^^^^^^^^^^^^^^^^^^^^^^^^^^^^^^^^^^^^^
  File "C:\Home\Code\Quant\src\execution\order_manager.py", line 141, in submit_order
    raise OrderError(error_msg)
src.execution.order_manager.OrderError: Order submission failed after 3 attempts: No price data available for AAPL
2025-11-13 14:46:16 - [SIMULATION] - [ERROR] - src.execution.order_manager - submit_order:140
Order submission failed after 3 attempts: No price data available for AAPL

2025-11-13 14:46:16 - [SIMULATION] - [ERROR] - TradingSystem - _process_signals:599
Error processing signal for AAPL: Order submission failed after 3 attempts: No price data available for AAPL
Traceback (most recent call last):
  File "C:\Home\Code\Quant\src\trading_system.py", line 591, in _process_signals
    success = self.order_manager.submit_order(order)
              ^^^^^^^^^^^^^^^^^^^^^^^^^^^^^^^^^^^^^^
  File "C:\Home\Code\Quant\src\execution\order_manager.py", line 141, in submit_order
    raise OrderError(error_msg)
src.execution.order_manager.OrderError: Order submission failed after 3 attempts: No price data available for AAPL
2025-11-13 14:46:19 - [SIMULATION] - [ERROR] - src.execution.order_manager - submit_order:140
Order submission failed after 3 attempts: No price data available for AAPL

2025-11-13 14:46:19 - [SIMULATION] - [ERROR] - TradingSystem - _process_signals:599
Error processing signal for AAPL: Order submission failed after 3 attempts: No price data available for AAPL
Traceback (most recent call last):
  File "C:\Home\Code\Quant\src\trading_system.py", line 591, in _process_signals
    success = self.order_manager.submit_order(order)
              ^^^^^^^^^^^^^^^^^^^^^^^^^^^^^^^^^^^^^^
  File "C:\Home\Code\Quant\src\execution\order_manager.py", line 141, in submit_order
    raise OrderError(error_msg)
src.execution.order_manager.OrderError: Order submission failed after 3 attempts: No price data available for AAPL
2025-11-13 14:46:22 - [SIMULATION] - [ERROR] - src.execution.order_manager - submit_order:140
Order submission failed after 3 attempts: No price data available for AAPL

2025-11-13 14:46:22 - [SIMULATION] - [ERROR] - TradingSystem - _process_signals:599
Error processing signal for AAPL: Order submission failed after 3 attempts: No price data available for AAPL
Traceback (most recent call last):
  File "C:\Home\Code\Quant\src\trading_system.py", line 591, in _process_signals
    success = self.order_manager.submit_order(order)
              ^^^^^^^^^^^^^^^^^^^^^^^^^^^^^^^^^^^^^^
  File "C:\Home\Code\Quant\src\execution\order_manager.py", line 141, in submit_order
    raise OrderError(error_msg)
src.execution.order_manager.OrderError: Order submission failed after 3 attempts: No price data available for AAPL
2025-11-13 14:46:25 - [SIMULATION] - [ERROR] - src.execution.order_manager - submit_order:140
Order submission failed after 3 attempts: No price data available for GOOGL

2025-11-13 14:46:25 - [SIMULATION] - [ERROR] - TradingSystem - _process_signals:599
Error processing signal for GOOGL: Order submission failed after 3 attempts: No price data available for GOOGL
Traceback (most recent call last):
  File "C:\Home\Code\Quant\src\trading_system.py", line 591, in _process_signals
    success = self.order_manager.submit_order(order)
              ^^^^^^^^^^^^^^^^^^^^^^^^^^^^^^^^^^^^^^
  File "C:\Home\Code\Quant\src\execution\order_manager.py", line 141, in submit_order
    raise OrderError(error_msg)
src.execution.order_manager.OrderError: Order submission failed after 3 attempts: No price data available for GOOGL
2025-11-13 14:46:28 - [SIMULATION] - [ERROR] - src.execution.order_manager - submit_order:140
Order submission failed after 3 attempts: No price data available for MSFT

2025-11-13 14:46:28 - [SIMULATION] - [ERROR] - TradingSystem - _process_signals:599
Error processing signal for MSFT: Order submission failed after 3 attempts: No price data available for MSFT
Traceback (most recent call last):
  File "C:\Home\Code\Quant\src\trading_system.py", line 591, in _process_signals
    success = self.order_manager.submit_order(order)
              ^^^^^^^^^^^^^^^^^^^^^^^^^^^^^^^^^^^^^^
  File "C:\Home\Code\Quant\src\execution\order_manager.py", line 141, in submit_order
    raise OrderError(error_msg)
src.execution.order_manager.OrderError: Order submission failed after 3 attempts: No price data available for MSFT
2025-11-13 14:46:57 - [SIMULATION] - [ERROR] - src.execution.order_manager - submit_order:140
Order submission failed after 3 attempts: No price data available for AAPL

2025-11-13 14:46:57 - [SIMULATION] - [ERROR] - TradingSystem - _process_signals:599
Error processing signal for AAPL: Order submission failed after 3 attempts: No price data available for AAPL
Traceback (most recent call last):
  File "C:\Home\Code\Quant\src\trading_system.py", line 591, in _process_signals
    success = self.order_manager.submit_order(order)
              ^^^^^^^^^^^^^^^^^^^^^^^^^^^^^^^^^^^^^^
  File "C:\Home\Code\Quant\src\execution\order_manager.py", line 141, in submit_order
    raise OrderError(error_msg)
src.execution.order_manager.OrderError: Order submission failed after 3 attempts: No price data available for AAPL
2025-11-13 14:47:00 - [SIMULATION] - [ERROR] - src.execution.order_manager - submit_order:140
Order submission failed after 3 attempts: No price data available for AAPL

2025-11-13 14:47:00 - [SIMULATION] - [ERROR] - TradingSystem - _process_signals:599
Error processing signal for AAPL: Order submission failed after 3 attempts: No price data available for AAPL
Traceback (most recent call last):
  File "C:\Home\Code\Quant\src\trading_system.py", line 591, in _process_signals
    success = self.order_manager.submit_order(order)
              ^^^^^^^^^^^^^^^^^^^^^^^^^^^^^^^^^^^^^^
  File "C:\Home\Code\Quant\src\execution\order_manager.py", line 141, in submit_order
    raise OrderError(error_msg)
src.execution.order_manager.OrderError: Order submission failed after 3 attempts: No price data available for AAPL
2025-11-13 14:47:03 - [SIMULATION] - [ERROR] - src.execution.order_manager - submit_order:140
Order submission failed after 3 attempts: No price data available for AAPL

2025-11-13 14:47:03 - [SIMULATION] - [ERROR] - TradingSystem - _process_signals:599
Error processing signal for AAPL: Order submission failed after 3 attempts: No price data available for AAPL
Traceback (most recent call last):
  File "C:\Home\Code\Quant\src\trading_system.py", line 591, in _process_signals
    success = self.order_manager.submit_order(order)
              ^^^^^^^^^^^^^^^^^^^^^^^^^^^^^^^^^^^^^^
  File "C:\Home\Code\Quant\src\execution\order_manager.py", line 141, in submit_order
    raise OrderError(error_msg)
src.execution.order_manager.OrderError: Order submission failed after 3 attempts: No price data available for AAPL
2025-11-13 14:47:03 - [SIMULATION] - [ERROR] - TradingSystem - _fetch_market_data:546
Failed to fetch data for AAPL: API Error

2025-11-13 14:47:10 - [SIMULATION] - [ERROR] - src.execution.order_manager - submit_order:140
Order submission failed after 3 attempts: No price data available for AAPL

2025-11-13 14:47:10 - [SIMULATION] - [ERROR] - TradingSystem - _process_signals:599
Error processing signal for AAPL: Order submission failed after 3 attempts: No price data available for AAPL
Traceback (most recent call last):
  File "C:\Home\Code\Quant\src\trading_system.py", line 591, in _process_signals
    success = self.order_manager.submit_order(order)
              ^^^^^^^^^^^^^^^^^^^^^^^^^^^^^^^^^^^^^^
  File "C:\Home\Code\Quant\src\execution\order_manager.py", line 141, in submit_order
    raise OrderError(error_msg)
src.execution.order_manager.OrderError: Order submission failed after 3 attempts: No price data available for AAPL
2025-11-13 14:47:13 - [SIMULATION] - [ERROR] - src.execution.order_manager - submit_order:140
Order submission failed after 3 attempts: No price data available for AAPL

2025-11-13 14:47:13 - [SIMULATION] - [ERROR] - TradingSystem - _process_signals:599
Error processing signal for AAPL: Order submission failed after 3 attempts: No price data available for AAPL
Traceback (most recent call last):
  File "C:\Home\Code\Quant\src\trading_system.py", line 591, in _process_signals
    success = self.order_manager.submit_order(order)
              ^^^^^^^^^^^^^^^^^^^^^^^^^^^^^^^^^^^^^^
  File "C:\Home\Code\Quant\src\execution\order_manager.py", line 141, in submit_order
    raise OrderError(error_msg)
src.execution.order_manager.OrderError: Order submission failed after 3 attempts: No price data available for AAPL
2025-11-13 14:47:16 - [SIMULATION] - [ERROR] - src.execution.order_manager - submit_order:140
Order submission failed after 3 attempts: No price data available for AAPL

2025-11-13 14:47:16 - [SIMULATION] - [ERROR] - TradingSystem - _process_signals:599
Error processing signal for AAPL: Order submission failed after 3 attempts: No price data available for AAPL
Traceback (most recent call last):
  File "C:\Home\Code\Quant\src\trading_system.py", line 591, in _process_signals
    success = self.order_manager.submit_order(order)
              ^^^^^^^^^^^^^^^^^^^^^^^^^^^^^^^^^^^^^^
  File "C:\Home\Code\Quant\src\execution\order_manager.py", line 141, in submit_order
    raise OrderError(error_msg)
src.execution.order_manager.OrderError: Order submission failed after 3 attempts: No price data available for AAPL
2025-11-13 14:47:19 - [SIMULATION] - [ERROR] - src.execution.order_manager - submit_order:140
Order submission failed after 3 attempts: No price data available for AAPL

2025-11-13 14:47:19 - [SIMULATION] - [ERROR] - TradingSystem - _process_signals:599
Error processing signal for AAPL: Order submission failed after 3 attempts: No price data available for AAPL
Traceback (most recent call last):
  File "C:\Home\Code\Quant\src\trading_system.py", line 591, in _process_signals
    success = self.order_manager.submit_order(order)
              ^^^^^^^^^^^^^^^^^^^^^^^^^^^^^^^^^^^^^^
  File "C:\Home\Code\Quant\src\execution\order_manager.py", line 141, in submit_order
    raise OrderError(error_msg)
src.execution.order_manager.OrderError: Order submission failed after 3 attempts: No price data available for AAPL
2025-11-13 14:47:22 - [SIMULATION] - [ERROR] - src.execution.order_manager - submit_order:140
Order submission failed after 3 attempts: No price data available for AAPL

2025-11-13 14:47:22 - [SIMULATION] - [ERROR] - TradingSystem - _process_signals:599
Error processing signal for AAPL: Order submission failed after 3 attempts: No price data available for AAPL
Traceback (most recent call last):
  File "C:\Home\Code\Quant\src\trading_system.py", line 591, in _process_signals
    success = self.order_manager.submit_order(order)
              ^^^^^^^^^^^^^^^^^^^^^^^^^^^^^^^^^^^^^^
  File "C:\Home\Code\Quant\src\execution\order_manager.py", line 141, in submit_order
    raise OrderError(error_msg)
src.execution.order_manager.OrderError: Order submission failed after 3 attempts: No price data available for AAPL
2025-11-13 14:47:25 - [SIMULATION] - [ERROR] - src.execution.order_manager - submit_order:140
Order submission failed after 3 attempts: No price data available for GOOGL

2025-11-13 14:47:25 - [SIMULATION] - [ERROR] - TradingSystem - _process_signals:599
Error processing signal for GOOGL: Order submission failed after 3 attempts: No price data available for GOOGL
Traceback (most recent call last):
  File "C:\Home\Code\Quant\src\trading_system.py", line 591, in _process_signals
    success = self.order_manager.submit_order(order)
              ^^^^^^^^^^^^^^^^^^^^^^^^^^^^^^^^^^^^^^
  File "C:\Home\Code\Quant\src\execution\order_manager.py", line 141, in submit_order
    raise OrderError(error_msg)
src.execution.order_manager.OrderError: Order submission failed after 3 attempts: No price data available for GOOGL
2025-11-13 14:47:28 - [SIMULATION] - [ERROR] - src.execution.order_manager - submit_order:140
Order submission failed after 3 attempts: No price data available for MSFT

2025-11-13 14:47:28 - [SIMULATION] - [ERROR] - TradingSystem - _process_signals:599
Error processing signal for MSFT: Order submission failed after 3 attempts: No price data available for MSFT
Traceback (most recent call last):
  File "C:\Home\Code\Quant\src\trading_system.py", line 591, in _process_signals
    success = self.order_manager.submit_order(order)
              ^^^^^^^^^^^^^^^^^^^^^^^^^^^^^^^^^^^^^^
  File "C:\Home\Code\Quant\src\execution\order_manager.py", line 141, in submit_order
    raise OrderError(error_msg)
src.execution.order_manager.OrderError: Order submission failed after 3 attempts: No price data available for MSFT
2025-11-13 15:15:24 - [SIMULATION] - [ERROR] - src.execution.order_manager - submit_order:140
Order submission failed after 3 attempts: No price data available for AAPL

2025-11-13 15:15:24 - [SIMULATION] - [ERROR] - TradingSystem - _process_signals:599
Error processing signal for AAPL: Order submission failed after 3 attempts: No price data available for AAPL
Traceback (most recent call last):
  File "C:\Home\Code\Quant\src\trading_system.py", line 591, in _process_signals
    success = self.order_manager.submit_order(order)
              ^^^^^^^^^^^^^^^^^^^^^^^^^^^^^^^^^^^^^^
  File "C:\Home\Code\Quant\src\execution\order_manager.py", line 141, in submit_order
    raise OrderError(error_msg)
src.execution.order_manager.OrderError: Order submission failed after 3 attempts: No price data available for AAPL
2025-11-13 15:15:27 - [SIMULATION] - [ERROR] - src.execution.order_manager - submit_order:140
Order submission failed after 3 attempts: No price data available for AAPL

2025-11-13 15:15:27 - [SIMULATION] - [ERROR] - TradingSystem - _process_signals:599
Error processing signal for AAPL: Order submission failed after 3 attempts: No price data available for AAPL
Traceback (most recent call last):
  File "C:\Home\Code\Quant\src\trading_system.py", line 591, in _process_signals
    success = self.order_manager.submit_order(order)
              ^^^^^^^^^^^^^^^^^^^^^^^^^^^^^^^^^^^^^^
  File "C:\Home\Code\Quant\src\execution\order_manager.py", line 141, in submit_order
    raise OrderError(error_msg)
src.execution.order_manager.OrderError: Order submission failed after 3 attempts: No price data available for AAPL
2025-11-13 15:15:30 - [SIMULATION] - [ERROR] - src.execution.order_manager - submit_order:140
Order submission failed after 3 attempts: No price data available for AAPL

2025-11-13 15:15:30 - [SIMULATION] - [ERROR] - TradingSystem - _process_signals:599
Error processing signal for AAPL: Order submission failed after 3 attempts: No price data available for AAPL
Traceback (most recent call last):
  File "C:\Home\Code\Quant\src\trading_system.py", line 591, in _process_signals
    success = self.order_manager.submit_order(order)
              ^^^^^^^^^^^^^^^^^^^^^^^^^^^^^^^^^^^^^^
  File "C:\Home\Code\Quant\src\execution\order_manager.py", line 141, in submit_order
    raise OrderError(error_msg)
src.execution.order_manager.OrderError: Order submission failed after 3 attempts: No price data available for AAPL
2025-11-13 15:15:30 - [SIMULATION] - [ERROR] - TradingSystem - _fetch_market_data:546
Failed to fetch data for AAPL: API Error

2025-11-13 15:15:36 - [SIMULATION] - [ERROR] - src.execution.order_manager - submit_order:140
Order submission failed after 3 attempts: No price data available for AAPL

2025-11-13 15:15:36 - [SIMULATION] - [ERROR] - TradingSystem - _process_signals:599
Error processing signal for AAPL: Order submission failed after 3 attempts: No price data available for AAPL
Traceback (most recent call last):
  File "C:\Home\Code\Quant\src\trading_system.py", line 591, in _process_signals
    success = self.order_manager.submit_order(order)
              ^^^^^^^^^^^^^^^^^^^^^^^^^^^^^^^^^^^^^^
  File "C:\Home\Code\Quant\src\execution\order_manager.py", line 141, in submit_order
    raise OrderError(error_msg)
src.execution.order_manager.OrderError: Order submission failed after 3 attempts: No price data available for AAPL
2025-11-13 15:15:39 - [SIMULATION] - [ERROR] - src.execution.order_manager - submit_order:140
Order submission failed after 3 attempts: No price data available for AAPL

2025-11-13 15:15:39 - [SIMULATION] - [ERROR] - TradingSystem - _process_signals:599
Error processing signal for AAPL: Order submission failed after 3 attempts: No price data available for AAPL
Traceback (most recent call last):
  File "C:\Home\Code\Quant\src\trading_system.py", line 591, in _process_signals
    success = self.order_manager.submit_order(order)
              ^^^^^^^^^^^^^^^^^^^^^^^^^^^^^^^^^^^^^^
  File "C:\Home\Code\Quant\src\execution\order_manager.py", line 141, in submit_order
    raise OrderError(error_msg)
src.execution.order_manager.OrderError: Order submission failed after 3 attempts: No price data available for AAPL
2025-11-13 15:15:42 - [SIMULATION] - [ERROR] - src.execution.order_manager - submit_order:140
Order submission failed after 3 attempts: No price data available for AAPL

2025-11-13 15:15:42 - [SIMULATION] - [ERROR] - TradingSystem - _process_signals:599
Error processing signal for AAPL: Order submission failed after 3 attempts: No price data available for AAPL
Traceback (most recent call last):
  File "C:\Home\Code\Quant\src\trading_system.py", line 591, in _process_signals
    success = self.order_manager.submit_order(order)
              ^^^^^^^^^^^^^^^^^^^^^^^^^^^^^^^^^^^^^^
  File "C:\Home\Code\Quant\src\execution\order_manager.py", line 141, in submit_order
    raise OrderError(error_msg)
src.execution.order_manager.OrderError: Order submission failed after 3 attempts: No price data available for AAPL
2025-11-13 15:15:45 - [SIMULATION] - [ERROR] - src.execution.order_manager - submit_order:140
Order submission failed after 3 attempts: No price data available for AAPL

2025-11-13 15:15:45 - [SIMULATION] - [ERROR] - TradingSystem - _process_signals:599
Error processing signal for AAPL: Order submission failed after 3 attempts: No price data available for AAPL
Traceback (most recent call last):
  File "C:\Home\Code\Quant\src\trading_system.py", line 591, in _process_signals
    success = self.order_manager.submit_order(order)
              ^^^^^^^^^^^^^^^^^^^^^^^^^^^^^^^^^^^^^^
  File "C:\Home\Code\Quant\src\execution\order_manager.py", line 141, in submit_order
    raise OrderError(error_msg)
src.execution.order_manager.OrderError: Order submission failed after 3 attempts: No price data available for AAPL
2025-11-13 15:15:48 - [SIMULATION] - [ERROR] - src.execution.order_manager - submit_order:140
Order submission failed after 3 attempts: No price data available for AAPL

2025-11-13 15:15:48 - [SIMULATION] - [ERROR] - TradingSystem - _process_signals:599
Error processing signal for AAPL: Order submission failed after 3 attempts: No price data available for AAPL
Traceback (most recent call last):
  File "C:\Home\Code\Quant\src\trading_system.py", line 591, in _process_signals
    success = self.order_manager.submit_order(order)
              ^^^^^^^^^^^^^^^^^^^^^^^^^^^^^^^^^^^^^^
  File "C:\Home\Code\Quant\src\execution\order_manager.py", line 141, in submit_order
    raise OrderError(error_msg)
src.execution.order_manager.OrderError: Order submission failed after 3 attempts: No price data available for AAPL
2025-11-13 15:15:51 - [SIMULATION] - [ERROR] - src.execution.order_manager - submit_order:140
Order submission failed after 3 attempts: No price data available for GOOGL

2025-11-13 15:15:51 - [SIMULATION] - [ERROR] - TradingSystem - _process_signals:599
Error processing signal for GOOGL: Order submission failed after 3 attempts: No price data available for GOOGL
Traceback (most recent call last):
  File "C:\Home\Code\Quant\src\trading_system.py", line 591, in _process_signals
    success = self.order_manager.submit_order(order)
              ^^^^^^^^^^^^^^^^^^^^^^^^^^^^^^^^^^^^^^
  File "C:\Home\Code\Quant\src\execution\order_manager.py", line 141, in submit_order
    raise OrderError(error_msg)
src.execution.order_manager.OrderError: Order submission failed after 3 attempts: No price data available for GOOGL
2025-11-13 15:15:54 - [SIMULATION] - [ERROR] - src.execution.order_manager - submit_order:140
Order submission failed after 3 attempts: No price data available for MSFT

2025-11-13 15:15:54 - [SIMULATION] - [ERROR] - TradingSystem - _process_signals:599
Error processing signal for MSFT: Order submission failed after 3 attempts: No price data available for MSFT
Traceback (most recent call last):
  File "C:\Home\Code\Quant\src\trading_system.py", line 591, in _process_signals
    success = self.order_manager.submit_order(order)
              ^^^^^^^^^^^^^^^^^^^^^^^^^^^^^^^^^^^^^^
  File "C:\Home\Code\Quant\src\execution\order_manager.py", line 141, in submit_order
    raise OrderError(error_msg)
src.execution.order_manager.OrderError: Order submission failed after 3 attempts: No price data available for MSFT
2025-11-13 15:17:03 - [SIMULATION] - [ERROR] - src.execution.order_manager - submit_order:140
Order submission failed after 3 attempts: No price data available for AAPL

2025-11-13 15:17:03 - [SIMULATION] - [ERROR] - TradingSystem - _process_signals:599
Error processing signal for AAPL: Order submission failed after 3 attempts: No price data available for AAPL
Traceback (most recent call last):
  File "C:\Home\Code\Quant\src\trading_system.py", line 591, in _process_signals
    success = self.order_manager.submit_order(order)
              ^^^^^^^^^^^^^^^^^^^^^^^^^^^^^^^^^^^^^^
  File "C:\Home\Code\Quant\src\execution\order_manager.py", line 141, in submit_order
    raise OrderError(error_msg)
src.execution.order_manager.OrderError: Order submission failed after 3 attempts: No price data available for AAPL
2025-11-13 15:17:06 - [SIMULATION] - [ERROR] - src.execution.order_manager - submit_order:140
Order submission failed after 3 attempts: No price data available for AAPL

2025-11-13 15:17:06 - [SIMULATION] - [ERROR] - TradingSystem - _process_signals:599
Error processing signal for AAPL: Order submission failed after 3 attempts: No price data available for AAPL
Traceback (most recent call last):
  File "C:\Home\Code\Quant\src\trading_system.py", line 591, in _process_signals
    success = self.order_manager.submit_order(order)
              ^^^^^^^^^^^^^^^^^^^^^^^^^^^^^^^^^^^^^^
  File "C:\Home\Code\Quant\src\execution\order_manager.py", line 141, in submit_order
    raise OrderError(error_msg)
src.execution.order_manager.OrderError: Order submission failed after 3 attempts: No price data available for AAPL
2025-11-13 15:17:09 - [SIMULATION] - [ERROR] - src.execution.order_manager - submit_order:140
Order submission failed after 3 attempts: No price data available for AAPL

2025-11-13 15:17:09 - [SIMULATION] - [ERROR] - TradingSystem - _process_signals:599
Error processing signal for AAPL: Order submission failed after 3 attempts: No price data available for AAPL
Traceback (most recent call last):
  File "C:\Home\Code\Quant\src\trading_system.py", line 591, in _process_signals
    success = self.order_manager.submit_order(order)
              ^^^^^^^^^^^^^^^^^^^^^^^^^^^^^^^^^^^^^^
  File "C:\Home\Code\Quant\src\execution\order_manager.py", line 141, in submit_order
    raise OrderError(error_msg)
src.execution.order_manager.OrderError: Order submission failed after 3 attempts: No price data available for AAPL
2025-11-13 15:17:09 - [SIMULATION] - [ERROR] - TradingSystem - _fetch_market_data:546
Failed to fetch data for AAPL: API Error

2025-11-13 15:17:15 - [SIMULATION] - [ERROR] - src.execution.order_manager - submit_order:140
Order submission failed after 3 attempts: No price data available for AAPL

2025-11-13 15:17:15 - [SIMULATION] - [ERROR] - TradingSystem - _process_signals:599
Error processing signal for AAPL: Order submission failed after 3 attempts: No price data available for AAPL
Traceback (most recent call last):
  File "C:\Home\Code\Quant\src\trading_system.py", line 591, in _process_signals
    success = self.order_manager.submit_order(order)
              ^^^^^^^^^^^^^^^^^^^^^^^^^^^^^^^^^^^^^^
  File "C:\Home\Code\Quant\src\execution\order_manager.py", line 141, in submit_order
    raise OrderError(error_msg)
src.execution.order_manager.OrderError: Order submission failed after 3 attempts: No price data available for AAPL
2025-11-13 15:17:18 - [SIMULATION] - [ERROR] - src.execution.order_manager - submit_order:140
Order submission failed after 3 attempts: No price data available for AAPL

2025-11-13 15:17:18 - [SIMULATION] - [ERROR] - TradingSystem - _process_signals:599
Error processing signal for AAPL: Order submission failed after 3 attempts: No price data available for AAPL
Traceback (most recent call last):
  File "C:\Home\Code\Quant\src\trading_system.py", line 591, in _process_signals
    success = self.order_manager.submit_order(order)
              ^^^^^^^^^^^^^^^^^^^^^^^^^^^^^^^^^^^^^^
  File "C:\Home\Code\Quant\src\execution\order_manager.py", line 141, in submit_order
    raise OrderError(error_msg)
src.execution.order_manager.OrderError: Order submission failed after 3 attempts: No price data available for AAPL
2025-11-13 15:17:21 - [SIMULATION] - [ERROR] - src.execution.order_manager - submit_order:140
Order submission failed after 3 attempts: No price data available for AAPL

2025-11-13 15:17:21 - [SIMULATION] - [ERROR] - TradingSystem - _process_signals:599
Error processing signal for AAPL: Order submission failed after 3 attempts: No price data available for AAPL
Traceback (most recent call last):
  File "C:\Home\Code\Quant\src\trading_system.py", line 591, in _process_signals
    success = self.order_manager.submit_order(order)
              ^^^^^^^^^^^^^^^^^^^^^^^^^^^^^^^^^^^^^^
  File "C:\Home\Code\Quant\src\execution\order_manager.py", line 141, in submit_order
    raise OrderError(error_msg)
src.execution.order_manager.OrderError: Order submission failed after 3 attempts: No price data available for AAPL
2025-11-13 15:17:24 - [SIMULATION] - [ERROR] - src.execution.order_manager - submit_order:140
Order submission failed after 3 attempts: No price data available for AAPL

2025-11-13 15:17:24 - [SIMULATION] - [ERROR] - TradingSystem - _process_signals:599
Error processing signal for AAPL: Order submission failed after 3 attempts: No price data available for AAPL
Traceback (most recent call last):
  File "C:\Home\Code\Quant\src\trading_system.py", line 591, in _process_signals
    success = self.order_manager.submit_order(order)
              ^^^^^^^^^^^^^^^^^^^^^^^^^^^^^^^^^^^^^^
  File "C:\Home\Code\Quant\src\execution\order_manager.py", line 141, in submit_order
    raise OrderError(error_msg)
src.execution.order_manager.OrderError: Order submission failed after 3 attempts: No price data available for AAPL
2025-11-13 15:17:27 - [SIMULATION] - [ERROR] - src.execution.order_manager - submit_order:140
Order submission failed after 3 attempts: No price data available for AAPL

2025-11-13 15:17:27 - [SIMULATION] - [ERROR] - TradingSystem - _process_signals:599
Error processing signal for AAPL: Order submission failed after 3 attempts: No price data available for AAPL
Traceback (most recent call last):
  File "C:\Home\Code\Quant\src\trading_system.py", line 591, in _process_signals
    success = self.order_manager.submit_order(order)
              ^^^^^^^^^^^^^^^^^^^^^^^^^^^^^^^^^^^^^^
  File "C:\Home\Code\Quant\src\execution\order_manager.py", line 141, in submit_order
    raise OrderError(error_msg)
src.execution.order_manager.OrderError: Order submission failed after 3 attempts: No price data available for AAPL
2025-11-13 15:17:30 - [SIMULATION] - [ERROR] - src.execution.order_manager - submit_order:140
Order submission failed after 3 attempts: No price data available for GOOGL

2025-11-13 15:17:30 - [SIMULATION] - [ERROR] - TradingSystem - _process_signals:599
Error processing signal for GOOGL: Order submission failed after 3 attempts: No price data available for GOOGL
Traceback (most recent call last):
  File "C:\Home\Code\Quant\src\trading_system.py", line 591, in _process_signals
    success = self.order_manager.submit_order(order)
              ^^^^^^^^^^^^^^^^^^^^^^^^^^^^^^^^^^^^^^
  File "C:\Home\Code\Quant\src\execution\order_manager.py", line 141, in submit_order
    raise OrderError(error_msg)
src.execution.order_manager.OrderError: Order submission failed after 3 attempts: No price data available for GOOGL
2025-11-13 15:17:33 - [SIMULATION] - [ERROR] - src.execution.order_manager - submit_order:140
Order submission failed after 3 attempts: No price data available for MSFT

2025-11-13 15:17:33 - [SIMULATION] - [ERROR] - TradingSystem - _process_signals:599
Error processing signal for MSFT: Order submission failed after 3 attempts: No price data available for MSFT
Traceback (most recent call last):
  File "C:\Home\Code\Quant\src\trading_system.py", line 591, in _process_signals
    success = self.order_manager.submit_order(order)
              ^^^^^^^^^^^^^^^^^^^^^^^^^^^^^^^^^^^^^^
  File "C:\Home\Code\Quant\src\execution\order_manager.py", line 141, in submit_order
    raise OrderError(error_msg)
src.execution.order_manager.OrderError: Order submission failed after 3 attempts: No price data available for MSFT
2025-11-13 15:21:08 - [SIMULATION] - [ERROR] - src.execution.order_manager - submit_order:140
Order submission failed after 3 attempts: No price data available for AAPL

2025-11-13 15:21:08 - [SIMULATION] - [ERROR] - TradingSystem - _process_signals:599
Error processing signal for AAPL: Order submission failed after 3 attempts: No price data available for AAPL
Traceback (most recent call last):
  File "C:\Home\Code\Quant\src\trading_system.py", line 591, in _process_signals
    success = self.order_manager.submit_order(order)
              ^^^^^^^^^^^^^^^^^^^^^^^^^^^^^^^^^^^^^^
  File "C:\Home\Code\Quant\src\execution\order_manager.py", line 141, in submit_order
    raise OrderError(error_msg)
src.execution.order_manager.OrderError: Order submission failed after 3 attempts: No price data available for AAPL
2025-11-13 15:21:11 - [SIMULATION] - [ERROR] - src.execution.order_manager - submit_order:140
Order submission failed after 3 attempts: No price data available for AAPL

2025-11-13 15:21:11 - [SIMULATION] - [ERROR] - TradingSystem - _process_signals:599
Error processing signal for AAPL: Order submission failed after 3 attempts: No price data available for AAPL
Traceback (most recent call last):
  File "C:\Home\Code\Quant\src\trading_system.py", line 591, in _process_signals
    success = self.order_manager.submit_order(order)
              ^^^^^^^^^^^^^^^^^^^^^^^^^^^^^^^^^^^^^^
  File "C:\Home\Code\Quant\src\execution\order_manager.py", line 141, in submit_order
    raise OrderError(error_msg)
src.execution.order_manager.OrderError: Order submission failed after 3 attempts: No price data available for AAPL
2025-11-13 15:21:14 - [SIMULATION] - [ERROR] - src.execution.order_manager - submit_order:140
Order submission failed after 3 attempts: No price data available for AAPL

2025-11-13 15:21:14 - [SIMULATION] - [ERROR] - TradingSystem - _process_signals:599
Error processing signal for AAPL: Order submission failed after 3 attempts: No price data available for AAPL
Traceback (most recent call last):
  File "C:\Home\Code\Quant\src\trading_system.py", line 591, in _process_signals
    success = self.order_manager.submit_order(order)
              ^^^^^^^^^^^^^^^^^^^^^^^^^^^^^^^^^^^^^^
  File "C:\Home\Code\Quant\src\execution\order_manager.py", line 141, in submit_order
    raise OrderError(error_msg)
src.execution.order_manager.OrderError: Order submission failed after 3 attempts: No price data available for AAPL
2025-11-13 15:21:14 - [SIMULATION] - [ERROR] - TradingSystem - _fetch_market_data:546
Failed to fetch data for AAPL: API Error

2025-11-13 15:21:20 - [SIMULATION] - [ERROR] - src.execution.order_manager - submit_order:140
Order submission failed after 3 attempts: No price data available for AAPL

2025-11-13 15:21:20 - [SIMULATION] - [ERROR] - TradingSystem - _process_signals:599
Error processing signal for AAPL: Order submission failed after 3 attempts: No price data available for AAPL
Traceback (most recent call last):
  File "C:\Home\Code\Quant\src\trading_system.py", line 591, in _process_signals
    success = self.order_manager.submit_order(order)
              ^^^^^^^^^^^^^^^^^^^^^^^^^^^^^^^^^^^^^^
  File "C:\Home\Code\Quant\src\execution\order_manager.py", line 141, in submit_order
    raise OrderError(error_msg)
src.execution.order_manager.OrderError: Order submission failed after 3 attempts: No price data available for AAPL
2025-11-13 15:21:23 - [SIMULATION] - [ERROR] - src.execution.order_manager - submit_order:140
Order submission failed after 3 attempts: No price data available for AAPL

2025-11-13 15:21:23 - [SIMULATION] - [ERROR] - TradingSystem - _process_signals:599
Error processing signal for AAPL: Order submission failed after 3 attempts: No price data available for AAPL
Traceback (most recent call last):
  File "C:\Home\Code\Quant\src\trading_system.py", line 591, in _process_signals
    success = self.order_manager.submit_order(order)
              ^^^^^^^^^^^^^^^^^^^^^^^^^^^^^^^^^^^^^^
  File "C:\Home\Code\Quant\src\execution\order_manager.py", line 141, in submit_order
    raise OrderError(error_msg)
src.execution.order_manager.OrderError: Order submission failed after 3 attempts: No price data available for AAPL
2025-11-13 15:21:26 - [SIMULATION] - [ERROR] - src.execution.order_manager - submit_order:140
Order submission failed after 3 attempts: No price data available for AAPL

2025-11-13 15:21:26 - [SIMULATION] - [ERROR] - TradingSystem - _process_signals:599
Error processing signal for AAPL: Order submission failed after 3 attempts: No price data available for AAPL
Traceback (most recent call last):
  File "C:\Home\Code\Quant\src\trading_system.py", line 591, in _process_signals
    success = self.order_manager.submit_order(order)
              ^^^^^^^^^^^^^^^^^^^^^^^^^^^^^^^^^^^^^^
  File "C:\Home\Code\Quant\src\execution\order_manager.py", line 141, in submit_order
    raise OrderError(error_msg)
src.execution.order_manager.OrderError: Order submission failed after 3 attempts: No price data available for AAPL
2025-11-13 15:21:29 - [SIMULATION] - [ERROR] - src.execution.order_manager - submit_order:140
Order submission failed after 3 attempts: No price data available for AAPL

2025-11-13 15:21:29 - [SIMULATION] - [ERROR] - TradingSystem - _process_signals:599
Error processing signal for AAPL: Order submission failed after 3 attempts: No price data available for AAPL
Traceback (most recent call last):
  File "C:\Home\Code\Quant\src\trading_system.py", line 591, in _process_signals
    success = self.order_manager.submit_order(order)
              ^^^^^^^^^^^^^^^^^^^^^^^^^^^^^^^^^^^^^^
  File "C:\Home\Code\Quant\src\execution\order_manager.py", line 141, in submit_order
    raise OrderError(error_msg)
src.execution.order_manager.OrderError: Order submission failed after 3 attempts: No price data available for AAPL
2025-11-13 15:21:32 - [SIMULATION] - [ERROR] - src.execution.order_manager - submit_order:140
Order submission failed after 3 attempts: No price data available for AAPL

2025-11-13 15:21:32 - [SIMULATION] - [ERROR] - TradingSystem - _process_signals:599
Error processing signal for AAPL: Order submission failed after 3 attempts: No price data available for AAPL
Traceback (most recent call last):
  File "C:\Home\Code\Quant\src\trading_system.py", line 591, in _process_signals
    success = self.order_manager.submit_order(order)
              ^^^^^^^^^^^^^^^^^^^^^^^^^^^^^^^^^^^^^^
  File "C:\Home\Code\Quant\src\execution\order_manager.py", line 141, in submit_order
    raise OrderError(error_msg)
src.execution.order_manager.OrderError: Order submission failed after 3 attempts: No price data available for AAPL
2025-11-13 15:21:35 - [SIMULATION] - [ERROR] - src.execution.order_manager - submit_order:140
Order submission failed after 3 attempts: No price data available for GOOGL

2025-11-13 15:21:35 - [SIMULATION] - [ERROR] - TradingSystem - _process_signals:599
Error processing signal for GOOGL: Order submission failed after 3 attempts: No price data available for GOOGL
Traceback (most recent call last):
  File "C:\Home\Code\Quant\src\trading_system.py", line 591, in _process_signals
    success = self.order_manager.submit_order(order)
              ^^^^^^^^^^^^^^^^^^^^^^^^^^^^^^^^^^^^^^
  File "C:\Home\Code\Quant\src\execution\order_manager.py", line 141, in submit_order
    raise OrderError(error_msg)
src.execution.order_manager.OrderError: Order submission failed after 3 attempts: No price data available for GOOGL
2025-11-13 15:21:38 - [SIMULATION] - [ERROR] - src.execution.order_manager - submit_order:140
Order submission failed after 3 attempts: No price data available for MSFT

2025-11-13 15:21:38 - [SIMULATION] - [ERROR] - TradingSystem - _process_signals:599
Error processing signal for MSFT: Order submission failed after 3 attempts: No price data available for MSFT
Traceback (most recent call last):
  File "C:\Home\Code\Quant\src\trading_system.py", line 591, in _process_signals
    success = self.order_manager.submit_order(order)
              ^^^^^^^^^^^^^^^^^^^^^^^^^^^^^^^^^^^^^^
  File "C:\Home\Code\Quant\src\execution\order_manager.py", line 141, in submit_order
    raise OrderError(error_msg)
src.execution.order_manager.OrderError: Order submission failed after 3 attempts: No price data available for MSFT
2025-11-13 15:47:05 - [SIMULATION] - [ERROR] - src.execution.order_manager - submit_order:140
Order submission failed after 3 attempts: No price data available for AAPL

2025-11-13 15:47:05 - [SIMULATION] - [ERROR] - TradingSystem - _process_signals:599
Error processing signal for AAPL: Order submission failed after 3 attempts: No price data available for AAPL
Traceback (most recent call last):
  File "C:\Home\Code\Quant\src\trading_system.py", line 591, in _process_signals
    success = self.order_manager.submit_order(order)
              ^^^^^^^^^^^^^^^^^^^^^^^^^^^^^^^^^^^^^^
  File "C:\Home\Code\Quant\src\execution\order_manager.py", line 141, in submit_order
    raise OrderError(error_msg)
src.execution.order_manager.OrderError: Order submission failed after 3 attempts: No price data available for AAPL
2025-11-13 15:47:09 - [SIMULATION] - [ERROR] - src.execution.order_manager - submit_order:140
Order submission failed after 3 attempts: No price data available for AAPL

2025-11-13 15:47:09 - [SIMULATION] - [ERROR] - TradingSystem - _process_signals:599
Error processing signal for AAPL: Order submission failed after 3 attempts: No price data available for AAPL
Traceback (most recent call last):
  File "C:\Home\Code\Quant\src\trading_system.py", line 591, in _process_signals
    success = self.order_manager.submit_order(order)
              ^^^^^^^^^^^^^^^^^^^^^^^^^^^^^^^^^^^^^^
  File "C:\Home\Code\Quant\src\execution\order_manager.py", line 141, in submit_order
    raise OrderError(error_msg)
src.execution.order_manager.OrderError: Order submission failed after 3 attempts: No price data available for AAPL
2025-11-13 15:47:12 - [SIMULATION] - [ERROR] - src.execution.order_manager - submit_order:140
Order submission failed after 3 attempts: No price data available for AAPL

2025-11-13 15:47:12 - [SIMULATION] - [ERROR] - TradingSystem - _process_signals:599
Error processing signal for AAPL: Order submission failed after 3 attempts: No price data available for AAPL
Traceback (most recent call last):
  File "C:\Home\Code\Quant\src\trading_system.py", line 591, in _process_signals
    success = self.order_manager.submit_order(order)
              ^^^^^^^^^^^^^^^^^^^^^^^^^^^^^^^^^^^^^^
  File "C:\Home\Code\Quant\src\execution\order_manager.py", line 141, in submit_order
    raise OrderError(error_msg)
src.execution.order_manager.OrderError: Order submission failed after 3 attempts: No price data available for AAPL
2025-11-13 15:47:12 - [SIMULATION] - [ERROR] - TradingSystem - _fetch_market_data:546
Failed to fetch data for AAPL: API Error

2025-11-13 15:47:18 - [SIMULATION] - [ERROR] - src.execution.order_manager - submit_order:140
Order submission failed after 3 attempts: No price data available for AAPL

2025-11-13 15:47:18 - [SIMULATION] - [ERROR] - TradingSystem - _process_signals:599
Error processing signal for AAPL: Order submission failed after 3 attempts: No price data available for AAPL
Traceback (most recent call last):
  File "C:\Home\Code\Quant\src\trading_system.py", line 591, in _process_signals
    success = self.order_manager.submit_order(order)
              ^^^^^^^^^^^^^^^^^^^^^^^^^^^^^^^^^^^^^^
  File "C:\Home\Code\Quant\src\execution\order_manager.py", line 141, in submit_order
    raise OrderError(error_msg)
src.execution.order_manager.OrderError: Order submission failed after 3 attempts: No price data available for AAPL
2025-11-13 15:47:21 - [SIMULATION] - [ERROR] - src.execution.order_manager - submit_order:140
Order submission failed after 3 attempts: No price data available for AAPL

2025-11-13 15:47:21 - [SIMULATION] - [ERROR] - TradingSystem - _process_signals:599
Error processing signal for AAPL: Order submission failed after 3 attempts: No price data available for AAPL
Traceback (most recent call last):
  File "C:\Home\Code\Quant\src\trading_system.py", line 591, in _process_signals
    success = self.order_manager.submit_order(order)
              ^^^^^^^^^^^^^^^^^^^^^^^^^^^^^^^^^^^^^^
  File "C:\Home\Code\Quant\src\execution\order_manager.py", line 141, in submit_order
    raise OrderError(error_msg)
src.execution.order_manager.OrderError: Order submission failed after 3 attempts: No price data available for AAPL
2025-11-13 15:47:24 - [SIMULATION] - [ERROR] - src.execution.order_manager - submit_order:140
Order submission failed after 3 attempts: No price data available for AAPL

2025-11-13 15:47:24 - [SIMULATION] - [ERROR] - TradingSystem - _process_signals:599
Error processing signal for AAPL: Order submission failed after 3 attempts: No price data available for AAPL
Traceback (most recent call last):
  File "C:\Home\Code\Quant\src\trading_system.py", line 591, in _process_signals
    success = self.order_manager.submit_order(order)
              ^^^^^^^^^^^^^^^^^^^^^^^^^^^^^^^^^^^^^^
  File "C:\Home\Code\Quant\src\execution\order_manager.py", line 141, in submit_order
    raise OrderError(error_msg)
src.execution.order_manager.OrderError: Order submission failed after 3 attempts: No price data available for AAPL
2025-11-13 15:47:27 - [SIMULATION] - [ERROR] - src.execution.order_manager - submit_order:140
Order submission failed after 3 attempts: No price data available for AAPL

2025-11-13 15:47:27 - [SIMULATION] - [ERROR] - TradingSystem - _process_signals:599
Error processing signal for AAPL: Order submission failed after 3 attempts: No price data available for AAPL
Traceback (most recent call last):
  File "C:\Home\Code\Quant\src\trading_system.py", line 591, in _process_signals
    success = self.order_manager.submit_order(order)
              ^^^^^^^^^^^^^^^^^^^^^^^^^^^^^^^^^^^^^^
  File "C:\Home\Code\Quant\src\execution\order_manager.py", line 141, in submit_order
    raise OrderError(error_msg)
src.execution.order_manager.OrderError: Order submission failed after 3 attempts: No price data available for AAPL
2025-11-13 15:47:30 - [SIMULATION] - [ERROR] - src.execution.order_manager - submit_order:140
Order submission failed after 3 attempts: No price data available for AAPL

2025-11-13 15:47:30 - [SIMULATION] - [ERROR] - TradingSystem - _process_signals:599
Error processing signal for AAPL: Order submission failed after 3 attempts: No price data available for AAPL
Traceback (most recent call last):
  File "C:\Home\Code\Quant\src\trading_system.py", line 591, in _process_signals
    success = self.order_manager.submit_order(order)
              ^^^^^^^^^^^^^^^^^^^^^^^^^^^^^^^^^^^^^^
  File "C:\Home\Code\Quant\src\execution\order_manager.py", line 141, in submit_order
    raise OrderError(error_msg)
src.execution.order_manager.OrderError: Order submission failed after 3 attempts: No price data available for AAPL
2025-11-13 15:47:33 - [SIMULATION] - [ERROR] - src.execution.order_manager - submit_order:140
Order submission failed after 3 attempts: No price data available for GOOGL

2025-11-13 15:47:33 - [SIMULATION] - [ERROR] - TradingSystem - _process_signals:599
Error processing signal for GOOGL: Order submission failed after 3 attempts: No price data available for GOOGL
Traceback (most recent call last):
  File "C:\Home\Code\Quant\src\trading_system.py", line 591, in _process_signals
    success = self.order_manager.submit_order(order)
              ^^^^^^^^^^^^^^^^^^^^^^^^^^^^^^^^^^^^^^
  File "C:\Home\Code\Quant\src\execution\order_manager.py", line 141, in submit_order
    raise OrderError(error_msg)
src.execution.order_manager.OrderError: Order submission failed after 3 attempts: No price data available for GOOGL
2025-11-13 15:47:36 - [SIMULATION] - [ERROR] - src.execution.order_manager - submit_order:140
Order submission failed after 3 attempts: No price data available for MSFT

2025-11-13 15:47:36 - [SIMULATION] - [ERROR] - TradingSystem - _process_signals:599
Error processing signal for MSFT: Order submission failed after 3 attempts: No price data available for MSFT
Traceback (most recent call last):
  File "C:\Home\Code\Quant\src\trading_system.py", line 591, in _process_signals
    success = self.order_manager.submit_order(order)
              ^^^^^^^^^^^^^^^^^^^^^^^^^^^^^^^^^^^^^^
  File "C:\Home\Code\Quant\src\execution\order_manager.py", line 141, in submit_order
    raise OrderError(error_msg)
src.execution.order_manager.OrderError: Order submission failed after 3 attempts: No price data available for MSFT
2025-11-13 15:52:57 - [SIMULATION] - [ERROR] - src.execution.order_manager - submit_order:140
Order submission failed after 3 attempts: No price data available for AAPL

2025-11-13 15:52:57 - [SIMULATION] - [ERROR] - TradingSystem - _process_signals:599
Error processing signal for AAPL: Order submission failed after 3 attempts: No price data available for AAPL
Traceback (most recent call last):
  File "C:\Home\Code\Quant\src\trading_system.py", line 591, in _process_signals
    success = self.order_manager.submit_order(order)
              ^^^^^^^^^^^^^^^^^^^^^^^^^^^^^^^^^^^^^^
  File "C:\Home\Code\Quant\src\execution\order_manager.py", line 141, in submit_order
    raise OrderError(error_msg)
src.execution.order_manager.OrderError: Order submission failed after 3 attempts: No price data available for AAPL
2025-11-13 15:53:00 - [SIMULATION] - [ERROR] - src.execution.order_manager - submit_order:140
Order submission failed after 3 attempts: No price data available for AAPL

2025-11-13 15:53:00 - [SIMULATION] - [ERROR] - TradingSystem - _process_signals:599
Error processing signal for AAPL: Order submission failed after 3 attempts: No price data available for AAPL
Traceback (most recent call last):
  File "C:\Home\Code\Quant\src\trading_system.py", line 591, in _process_signals
    success = self.order_manager.submit_order(order)
              ^^^^^^^^^^^^^^^^^^^^^^^^^^^^^^^^^^^^^^
  File "C:\Home\Code\Quant\src\execution\order_manager.py", line 141, in submit_order
    raise OrderError(error_msg)
src.execution.order_manager.OrderError: Order submission failed after 3 attempts: No price data available for AAPL
2025-11-13 15:53:03 - [SIMULATION] - [ERROR] - src.execution.order_manager - submit_order:140
Order submission failed after 3 attempts: No price data available for AAPL

2025-11-13 15:53:03 - [SIMULATION] - [ERROR] - TradingSystem - _process_signals:599
Error processing signal for AAPL: Order submission failed after 3 attempts: No price data available for AAPL
Traceback (most recent call last):
  File "C:\Home\Code\Quant\src\trading_system.py", line 591, in _process_signals
    success = self.order_manager.submit_order(order)
              ^^^^^^^^^^^^^^^^^^^^^^^^^^^^^^^^^^^^^^
  File "C:\Home\Code\Quant\src\execution\order_manager.py", line 141, in submit_order
    raise OrderError(error_msg)
src.execution.order_manager.OrderError: Order submission failed after 3 attempts: No price data available for AAPL
2025-11-13 15:53:03 - [SIMULATION] - [ERROR] - TradingSystem - _fetch_market_data:546
Failed to fetch data for AAPL: API Error

2025-11-13 15:53:09 - [SIMULATION] - [ERROR] - src.execution.order_manager - submit_order:140
Order submission failed after 3 attempts: No price data available for AAPL

2025-11-13 15:53:09 - [SIMULATION] - [ERROR] - TradingSystem - _process_signals:599
Error processing signal for AAPL: Order submission failed after 3 attempts: No price data available for AAPL
Traceback (most recent call last):
  File "C:\Home\Code\Quant\src\trading_system.py", line 591, in _process_signals
    success = self.order_manager.submit_order(order)
              ^^^^^^^^^^^^^^^^^^^^^^^^^^^^^^^^^^^^^^
  File "C:\Home\Code\Quant\src\execution\order_manager.py", line 141, in submit_order
    raise OrderError(error_msg)
src.execution.order_manager.OrderError: Order submission failed after 3 attempts: No price data available for AAPL
2025-11-13 15:53:12 - [SIMULATION] - [ERROR] - src.execution.order_manager - submit_order:140
Order submission failed after 3 attempts: No price data available for AAPL

2025-11-13 15:53:12 - [SIMULATION] - [ERROR] - TradingSystem - _process_signals:599
Error processing signal for AAPL: Order submission failed after 3 attempts: No price data available for AAPL
Traceback (most recent call last):
  File "C:\Home\Code\Quant\src\trading_system.py", line 591, in _process_signals
    success = self.order_manager.submit_order(order)
              ^^^^^^^^^^^^^^^^^^^^^^^^^^^^^^^^^^^^^^
  File "C:\Home\Code\Quant\src\execution\order_manager.py", line 141, in submit_order
    raise OrderError(error_msg)
src.execution.order_manager.OrderError: Order submission failed after 3 attempts: No price data available for AAPL
2025-11-13 15:53:15 - [SIMULATION] - [ERROR] - src.execution.order_manager - submit_order:140
Order submission failed after 3 attempts: No price data available for AAPL

2025-11-13 15:53:15 - [SIMULATION] - [ERROR] - TradingSystem - _process_signals:599
Error processing signal for AAPL: Order submission failed after 3 attempts: No price data available for AAPL
Traceback (most recent call last):
  File "C:\Home\Code\Quant\src\trading_system.py", line 591, in _process_signals
    success = self.order_manager.submit_order(order)
              ^^^^^^^^^^^^^^^^^^^^^^^^^^^^^^^^^^^^^^
  File "C:\Home\Code\Quant\src\execution\order_manager.py", line 141, in submit_order
    raise OrderError(error_msg)
src.execution.order_manager.OrderError: Order submission failed after 3 attempts: No price data available for AAPL
2025-11-13 15:53:18 - [SIMULATION] - [ERROR] - src.execution.order_manager - submit_order:140
Order submission failed after 3 attempts: No price data available for AAPL

2025-11-13 15:53:18 - [SIMULATION] - [ERROR] - TradingSystem - _process_signals:599
Error processing signal for AAPL: Order submission failed after 3 attempts: No price data available for AAPL
Traceback (most recent call last):
  File "C:\Home\Code\Quant\src\trading_system.py", line 591, in _process_signals
    success = self.order_manager.submit_order(order)
              ^^^^^^^^^^^^^^^^^^^^^^^^^^^^^^^^^^^^^^
  File "C:\Home\Code\Quant\src\execution\order_manager.py", line 141, in submit_order
    raise OrderError(error_msg)
src.execution.order_manager.OrderError: Order submission failed after 3 attempts: No price data available for AAPL
2025-11-13 15:53:21 - [SIMULATION] - [ERROR] - src.execution.order_manager - submit_order:140
Order submission failed after 3 attempts: No price data available for AAPL

2025-11-13 15:53:21 - [SIMULATION] - [ERROR] - TradingSystem - _process_signals:599
Error processing signal for AAPL: Order submission failed after 3 attempts: No price data available for AAPL
Traceback (most recent call last):
  File "C:\Home\Code\Quant\src\trading_system.py", line 591, in _process_signals
    success = self.order_manager.submit_order(order)
              ^^^^^^^^^^^^^^^^^^^^^^^^^^^^^^^^^^^^^^
  File "C:\Home\Code\Quant\src\execution\order_manager.py", line 141, in submit_order
    raise OrderError(error_msg)
src.execution.order_manager.OrderError: Order submission failed after 3 attempts: No price data available for AAPL
2025-11-13 15:53:24 - [SIMULATION] - [ERROR] - src.execution.order_manager - submit_order:140
Order submission failed after 3 attempts: No price data available for GOOGL

2025-11-13 15:53:24 - [SIMULATION] - [ERROR] - TradingSystem - _process_signals:599
Error processing signal for GOOGL: Order submission failed after 3 attempts: No price data available for GOOGL
Traceback (most recent call last):
  File "C:\Home\Code\Quant\src\trading_system.py", line 591, in _process_signals
    success = self.order_manager.submit_order(order)
              ^^^^^^^^^^^^^^^^^^^^^^^^^^^^^^^^^^^^^^
  File "C:\Home\Code\Quant\src\execution\order_manager.py", line 141, in submit_order
    raise OrderError(error_msg)
src.execution.order_manager.OrderError: Order submission failed after 3 attempts: No price data available for GOOGL
2025-11-13 15:53:27 - [SIMULATION] - [ERROR] - src.execution.order_manager - submit_order:140
Order submission failed after 3 attempts: No price data available for MSFT

2025-11-13 15:53:27 - [SIMULATION] - [ERROR] - TradingSystem - _process_signals:599
Error processing signal for MSFT: Order submission failed after 3 attempts: No price data available for MSFT
Traceback (most recent call last):
  File "C:\Home\Code\Quant\src\trading_system.py", line 591, in _process_signals
    success = self.order_manager.submit_order(order)
              ^^^^^^^^^^^^^^^^^^^^^^^^^^^^^^^^^^^^^^
  File "C:\Home\Code\Quant\src\execution\order_manager.py", line 141, in submit_order
    raise OrderError(error_msg)
src.execution.order_manager.OrderError: Order submission failed after 3 attempts: No price data available for MSFT
2025-11-13 16:06:10 - [SIMULATION] - [ERROR] - src.execution.order_manager - submit_order:140
Order submission failed after 3 attempts: No price data available for AAPL

2025-11-13 16:06:10 - [SIMULATION] - [ERROR] - TradingSystem - _process_signals:599
Error processing signal for AAPL: Order submission failed after 3 attempts: No price data available for AAPL
Traceback (most recent call last):
  File "C:\Home\Code\Quant\src\trading_system.py", line 591, in _process_signals
    success = self.order_manager.submit_order(order)
              ^^^^^^^^^^^^^^^^^^^^^^^^^^^^^^^^^^^^^^
  File "C:\Home\Code\Quant\src\execution\order_manager.py", line 141, in submit_order
    raise OrderError(error_msg)
src.execution.order_manager.OrderError: Order submission failed after 3 attempts: No price data available for AAPL
2025-11-13 16:06:14 - [SIMULATION] - [ERROR] - src.execution.order_manager - submit_order:140
Order submission failed after 3 attempts: No price data available for AAPL

2025-11-13 16:06:14 - [SIMULATION] - [ERROR] - TradingSystem - _process_signals:599
Error processing signal for AAPL: Order submission failed after 3 attempts: No price data available for AAPL
Traceback (most recent call last):
  File "C:\Home\Code\Quant\src\trading_system.py", line 591, in _process_signals
    success = self.order_manager.submit_order(order)
              ^^^^^^^^^^^^^^^^^^^^^^^^^^^^^^^^^^^^^^
  File "C:\Home\Code\Quant\src\execution\order_manager.py", line 141, in submit_order
    raise OrderError(error_msg)
src.execution.order_manager.OrderError: Order submission failed after 3 attempts: No price data available for AAPL
2025-11-13 16:06:17 - [SIMULATION] - [ERROR] - src.execution.order_manager - submit_order:140
Order submission failed after 3 attempts: No price data available for AAPL

2025-11-13 16:06:17 - [SIMULATION] - [ERROR] - TradingSystem - _process_signals:599
Error processing signal for AAPL: Order submission failed after 3 attempts: No price data available for AAPL
Traceback (most recent call last):
  File "C:\Home\Code\Quant\src\trading_system.py", line 591, in _process_signals
    success = self.order_manager.submit_order(order)
              ^^^^^^^^^^^^^^^^^^^^^^^^^^^^^^^^^^^^^^
  File "C:\Home\Code\Quant\src\execution\order_manager.py", line 141, in submit_order
    raise OrderError(error_msg)
src.execution.order_manager.OrderError: Order submission failed after 3 attempts: No price data available for AAPL
2025-11-13 16:06:17 - [SIMULATION] - [ERROR] - TradingSystem - _fetch_market_data:546
Failed to fetch data for AAPL: API Error

2025-11-13 16:06:23 - [SIMULATION] - [ERROR] - src.execution.order_manager - submit_order:140
Order submission failed after 3 attempts: No price data available for AAPL

2025-11-13 16:06:23 - [SIMULATION] - [ERROR] - TradingSystem - _process_signals:599
Error processing signal for AAPL: Order submission failed after 3 attempts: No price data available for AAPL
Traceback (most recent call last):
  File "C:\Home\Code\Quant\src\trading_system.py", line 591, in _process_signals
    success = self.order_manager.submit_order(order)
              ^^^^^^^^^^^^^^^^^^^^^^^^^^^^^^^^^^^^^^
  File "C:\Home\Code\Quant\src\execution\order_manager.py", line 141, in submit_order
    raise OrderError(error_msg)
src.execution.order_manager.OrderError: Order submission failed after 3 attempts: No price data available for AAPL
2025-11-13 16:06:26 - [SIMULATION] - [ERROR] - src.execution.order_manager - submit_order:140
Order submission failed after 3 attempts: No price data available for AAPL

2025-11-13 16:06:26 - [SIMULATION] - [ERROR] - TradingSystem - _process_signals:599
Error processing signal for AAPL: Order submission failed after 3 attempts: No price data available for AAPL
Traceback (most recent call last):
  File "C:\Home\Code\Quant\src\trading_system.py", line 591, in _process_signals
    success = self.order_manager.submit_order(order)
              ^^^^^^^^^^^^^^^^^^^^^^^^^^^^^^^^^^^^^^
  File "C:\Home\Code\Quant\src\execution\order_manager.py", line 141, in submit_order
    raise OrderError(error_msg)
src.execution.order_manager.OrderError: Order submission failed after 3 attempts: No price data available for AAPL
2025-11-13 16:06:29 - [SIMULATION] - [ERROR] - src.execution.order_manager - submit_order:140
Order submission failed after 3 attempts: No price data available for AAPL

2025-11-13 16:06:29 - [SIMULATION] - [ERROR] - TradingSystem - _process_signals:599
Error processing signal for AAPL: Order submission failed after 3 attempts: No price data available for AAPL
Traceback (most recent call last):
  File "C:\Home\Code\Quant\src\trading_system.py", line 591, in _process_signals
    success = self.order_manager.submit_order(order)
              ^^^^^^^^^^^^^^^^^^^^^^^^^^^^^^^^^^^^^^
  File "C:\Home\Code\Quant\src\execution\order_manager.py", line 141, in submit_order
    raise OrderError(error_msg)
src.execution.order_manager.OrderError: Order submission failed after 3 attempts: No price data available for AAPL
2025-11-13 16:06:32 - [SIMULATION] - [ERROR] - src.execution.order_manager - submit_order:140
Order submission failed after 3 attempts: No price data available for AAPL

2025-11-13 16:06:32 - [SIMULATION] - [ERROR] - TradingSystem - _process_signals:599
Error processing signal for AAPL: Order submission failed after 3 attempts: No price data available for AAPL
Traceback (most recent call last):
  File "C:\Home\Code\Quant\src\trading_system.py", line 591, in _process_signals
    success = self.order_manager.submit_order(order)
              ^^^^^^^^^^^^^^^^^^^^^^^^^^^^^^^^^^^^^^
  File "C:\Home\Code\Quant\src\execution\order_manager.py", line 141, in submit_order
    raise OrderError(error_msg)
src.execution.order_manager.OrderError: Order submission failed after 3 attempts: No price data available for AAPL
2025-11-13 16:06:35 - [SIMULATION] - [ERROR] - src.execution.order_manager - submit_order:140
Order submission failed after 3 attempts: No price data available for AAPL

2025-11-13 16:06:35 - [SIMULATION] - [ERROR] - TradingSystem - _process_signals:599
Error processing signal for AAPL: Order submission failed after 3 attempts: No price data available for AAPL
Traceback (most recent call last):
  File "C:\Home\Code\Quant\src\trading_system.py", line 591, in _process_signals
    success = self.order_manager.submit_order(order)
              ^^^^^^^^^^^^^^^^^^^^^^^^^^^^^^^^^^^^^^
  File "C:\Home\Code\Quant\src\execution\order_manager.py", line 141, in submit_order
    raise OrderError(error_msg)
src.execution.order_manager.OrderError: Order submission failed after 3 attempts: No price data available for AAPL
2025-11-13 16:06:38 - [SIMULATION] - [ERROR] - src.execution.order_manager - submit_order:140
Order submission failed after 3 attempts: No price data available for GOOGL

2025-11-13 16:06:38 - [SIMULATION] - [ERROR] - TradingSystem - _process_signals:599
Error processing signal for GOOGL: Order submission failed after 3 attempts: No price data available for GOOGL
Traceback (most recent call last):
  File "C:\Home\Code\Quant\src\trading_system.py", line 591, in _process_signals
    success = self.order_manager.submit_order(order)
              ^^^^^^^^^^^^^^^^^^^^^^^^^^^^^^^^^^^^^^
  File "C:\Home\Code\Quant\src\execution\order_manager.py", line 141, in submit_order
    raise OrderError(error_msg)
src.execution.order_manager.OrderError: Order submission failed after 3 attempts: No price data available for GOOGL
2025-11-13 16:06:41 - [SIMULATION] - [ERROR] - src.execution.order_manager - submit_order:140
Order submission failed after 3 attempts: No price data available for MSFT

2025-11-13 16:06:41 - [SIMULATION] - [ERROR] - TradingSystem - _process_signals:599
Error processing signal for MSFT: Order submission failed after 3 attempts: No price data available for MSFT
Traceback (most recent call last):
  File "C:\Home\Code\Quant\src\trading_system.py", line 591, in _process_signals
    success = self.order_manager.submit_order(order)
              ^^^^^^^^^^^^^^^^^^^^^^^^^^^^^^^^^^^^^^
  File "C:\Home\Code\Quant\src\execution\order_manager.py", line 141, in submit_order
    raise OrderError(error_msg)
src.execution.order_manager.OrderError: Order submission failed after 3 attempts: No price data available for MSFT
